Using pre-set license
Built from '2021.2/staging' branch; Version is '2021.2.17f1 (efb8f635e7b1) revision 15710454'; Using compiler version '192829333'; Build Type 'Release'
OS: 'Windows 11  (10.0.22621) 64bit Core' Language: 'pt' Physical Memory: 32693 MB
BatchMode: 1, IsHumanControllingUs: 0, StartBugReporterOnCrash: 0, Is64bit: 1, IsPro: 1

COMMAND LINE ARGUMENTS:
C:\Program Files\Unity\Hub\Editor\2021.2.17f1\Editor\Unity.exe
-adb2
-batchMode
-noUpm
-name
AssetImportWorker3
-projectPath
C:/Projetos-Unity/My project
-logFile
Logs/AssetImportWorker3.log
-srvPort
60248
Successfully changed project path to: C:/Projetos-Unity/My project
C:/Projetos-Unity/My project
[UnityMemory] Configuration Parameters - Can be set up in boot.config
    "memorysetup-bucket-allocator-granularity=16"
    "memorysetup-bucket-allocator-bucket-count=8"
    "memorysetup-bucket-allocator-block-size=33554432"
    "memorysetup-bucket-allocator-block-count=8"
    "memorysetup-main-allocator-block-size=16777216"
    "memorysetup-thread-allocator-block-size=16777216"
    "memorysetup-gfx-main-allocator-block-size=16777216"
    "memorysetup-gfx-thread-allocator-block-size=16777216"
    "memorysetup-cache-allocator-block-size=4194304"
    "memorysetup-typetree-allocator-block-size=2097152"
    "memorysetup-profiler-bucket-allocator-granularity=16"
    "memorysetup-profiler-bucket-allocator-bucket-count=8"
    "memorysetup-profiler-bucket-allocator-block-size=33554432"
    "memorysetup-profiler-bucket-allocator-block-count=8"
    "memorysetup-profiler-allocator-block-size=16777216"
    "memorysetup-profiler-editor-allocator-block-size=1048576"
    "memorysetup-temp-allocator-size-main=16777216"
    "memorysetup-job-temp-allocator-block-size=2097152"
    "memorysetup-job-temp-allocator-block-size-background=1048576"
    "memorysetup-job-temp-allocator-reduction-small-platforms=262144"
    "memorysetup-temp-allocator-size-background-worker=32768"
    "memorysetup-temp-allocator-size-job-worker=262144"
    "memorysetup-temp-allocator-size-preload-manager=33554432"
    "memorysetup-temp-allocator-size-nav-mesh-worker=65536"
    "memorysetup-temp-allocator-size-audio-worker=65536"
    "memorysetup-temp-allocator-size-cloud-worker=32768"
    "memorysetup-temp-allocator-size-gi-baking-worker=262144"
    "memorysetup-temp-allocator-size-gfx=262144"
Refreshing native plugins compatible for Editor in 67.23 ms, found 2 plugins.
Preloading 0 native plugins for Editor in 0.00 ms.
Initialize engine version: 2021.2.17f1 (efb8f635e7b1)
[Subsystems] Discovering subsystems at path C:/Program Files/Unity/Hub/Editor/2021.2.17f1/Editor/Data/Resources/UnitySubsystems
[Subsystems] Discovering subsystems at path C:/Projetos-Unity/My project/Assets
GfxDevice: creating device client; threaded=0; jobified=0
Direct3D:
    Version:  Direct3D 11.0 [level 11.1]
    Renderer: AMD Radeon RX 6600 (ID=0x73ff)
    Vendor:   ATI
    VRAM:     8147 MB
    Driver:   31.0.12044.3
Initialize mono
Mono path[0] = 'C:/Program Files/Unity/Hub/Editor/2021.2.17f1/Editor/Data/Managed'
Mono path[1] = 'C:/Program Files/Unity/Hub/Editor/2021.2.17f1/Editor/Data/MonoBleedingEdge/lib/mono/unityjit-win32'
Mono config path = 'C:/Program Files/Unity/Hub/Editor/2021.2.17f1/Editor/Data/MonoBleedingEdge/etc'
Using monoOptions --debugger-agent=transport=dt_socket,embedding=1,server=y,suspend=n,address=127.0.0.1:56764
Begin MonoManager ReloadAssembly
Registering precompiled unity dll's ...
Register platform support module: C:/Program Files/Unity/Hub/Editor/2021.2.17f1/Editor/Data/PlaybackEngines/WindowsStandaloneSupport/UnityEditor.WindowsStandalone.Extensions.dll
Register platform support module: C:/Program Files/Unity/Hub/Editor/2021.2.17f1/Editor/Data/PlaybackEngines/MetroSupport/UnityEditor.UWP.Extensions.dll
Registered in 0.003715 seconds.
Native extension for UWP target not found
Native extension for WindowsStandalone target not found
Refreshing native plugins compatible for Editor in 57.64 ms, found 2 plugins.
Preloading 0 native plugins for Editor in 0.00 ms.
Mono: successfully reloaded assembly
- Completed reload, in  0.484 seconds
Domain Reload Profiling:
	ReloadAssembly (484ms)
		BeginReloadAssembly (52ms)
			ExecutionOrderSort (0ms)
			DisableScriptedObjects (0ms)
			BackupInstance (0ms)
			ReleaseScriptingObjects (0ms)
			CreateAndSetChildDomain (1ms)
		EndReloadAssembly (345ms)
			LoadAssemblies (51ms)
			RebuildTransferFunctionScriptingTraits (0ms)
			SetupTypeCache (80ms)
			ReleaseScriptCaches (0ms)
			RebuildScriptCaches (21ms)
			SetupLoadedEditorAssemblies (207ms)
				LogAssemblyErrors (0ms)
				InitializePlatformSupportModulesInManaged (6ms)
				SetLoadedEditorAssemblies (0ms)
				RefreshPlugins (58ms)
				BeforeProcessingInitializeOnLoad (1ms)
				ProcessInitializeOnLoadAttributes (108ms)
				ProcessInitializeOnLoadMethodAttributes (34ms)
				AfterProcessingInitializeOnLoad (0ms)
				EditorAssembliesLoaded (0ms)
			ExecutionOrderSort2 (0ms)
			AwakeInstancesAfterBackupRestoration (0ms)
Platform modules already initialized, skipping
Registering precompiled user dll's ...
Registered in 0.006405 seconds.
Begin MonoManager ReloadAssembly
Native extension for UWP target not found
Native extension for WindowsStandalone target not found
Refreshing native plugins compatible for Editor in 60.22 ms, found 2 plugins.
Preloading 0 native plugins for Editor in 0.00 ms.
Mono: successfully reloaded assembly
- Completed reload, in  1.402 seconds
Domain Reload Profiling:
	ReloadAssembly (1403ms)
		BeginReloadAssembly (82ms)
			ExecutionOrderSort (0ms)
			DisableScriptedObjects (4ms)
			BackupInstance (0ms)
			ReleaseScriptingObjects (0ms)
			CreateAndSetChildDomain (15ms)
		EndReloadAssembly (1229ms)
			LoadAssemblies (59ms)
			RebuildTransferFunctionScriptingTraits (0ms)
			SetupTypeCache (186ms)
			ReleaseScriptCaches (1ms)
			RebuildScriptCaches (43ms)
			SetupLoadedEditorAssemblies (904ms)
				LogAssemblyErrors (0ms)
				InitializePlatformSupportModulesInManaged (4ms)
				SetLoadedEditorAssemblies (0ms)
				RefreshPlugins (60ms)
				BeforeProcessingInitializeOnLoad (72ms)
				ProcessInitializeOnLoadAttributes (700ms)
				ProcessInitializeOnLoadMethodAttributes (64ms)
				AfterProcessingInitializeOnLoad (4ms)
				EditorAssembliesLoaded (0ms)
			ExecutionOrderSort2 (0ms)
			AwakeInstancesAfterBackupRestoration (4ms)
Platform modules already initialized, skipping
========================================================================
Worker process is ready to serve import requests
Launched and connected shader compiler UnityShaderCompiler.exe after 0.03 seconds
Refreshing native plugins compatible for Editor in 1.38 ms, found 2 plugins.
Preloading 0 native plugins for Editor in 0.00 ms.
Unloading 3820 Unused Serialized files (Serialized files now loaded: 0)
Unloading 53 unused Assets / (1.6 MB). Loaded Objects now: 4293.
Memory consumption went from 208.5 MB to 206.9 MB.
Total: 4.377500 ms (FindLiveObjects: 0.519800 ms CreateObjectMapping: 0.107300 ms MarkObjects: 3.168800 ms  DeleteObjects: 0.580600 ms)

AssetImportParameters requested are different than current active one (requested -> active):
  custom:video-decoder-ogg-theora: a1e56fd34408186e4bbccfd4996cb3dc -> 
  custom:container-muxer-webm: aa71ff27fc2769a1b78a27578f13a17b -> 
  custom:container-demuxer-webm: 4f35f7cbe854078d1ac9338744f61a02 -> 
  custom:video-encoder-webm-vp8: eb34c28f22e8b96e1ab97ce403110664 -> 
  custom:video-codec-MediaFoundation-h265: 746d11721c4dcdbdad8f713fa42b33f4 -> 
  custom:audio-encoder-webm-vorbis: bf7c407c2cedff20999df2af8eb42d56 -> 
  custom:framework-win-MediaFoundation: 216162199b28c13a410421893ffa2e32 -> 
  custom:SearchIndexIgnoredProperties: e643bd26f0fe6173181afceb89e7c659 -> 
  custom:container-demuxer-ogg: 62fdf1f143b41e24485cea50d1cbac27 -> 
  custom:video-decoder-webm-vp8: 9c59270c3fd7afecdb556c50c9e8de78 -> 
  custom:audio-decoder-ogg-vorbis: bf7c407c2cedff20999df2af8eb42d56 -> 
========================================================================
Received Import Request.
  Time since last request: 39612.253402 seconds.
  path: Assets/Nature Sounds Pack/Footstep/FootstepGrass03.wav
  artifactKey: Guid(b11e259f36b5d1542a293028cc448d4a) Importer(815301076,1909f56bfc062723c751e8b465ee728b)
Start importing Assets/Nature Sounds Pack/Footstep/FootstepGrass03.wav using Guid(b11e259f36b5d1542a293028cc448d4a) Importer(815301076,1909f56bfc062723c751e8b465ee728b)  -> (artifact id: '5066a2ad30a15fb60610e434df0c61ed') in 0.127844 seconds 
========================================================================
Received Import Request.
  Time since last request: 30.181777 seconds.
  path: Assets/Nature Sounds Pack/Ambient/AmbientNatureOutside.wav
  artifactKey: Guid(4111b72ba979d774494cc3a088faeafd) Importer(815301076,1909f56bfc062723c751e8b465ee728b)
Start importing Assets/Nature Sounds Pack/Ambient/AmbientNatureOutside.wav using Guid(4111b72ba979d774494cc3a088faeafd) Importer(815301076,1909f56bfc062723c751e8b465ee728b)  -> (artifact id: '8c99047ab0ad60f5f0ae2b8c99b8e362') in 0.011623 seconds 
========================================================================
Received Import Request.
  Time since last request: 1.460817 seconds.
  path: Assets/no9_Game_Sounds/03.wav
  artifactKey: Guid(0c9140cac26cd984fb3d7c08d782c28a) Importer(815301076,1909f56bfc062723c751e8b465ee728b)
Start importing Assets/no9_Game_Sounds/03.wav using Guid(0c9140cac26cd984fb3d7c08d782c28a) Importer(815301076,1909f56bfc062723c751e8b465ee728b)  -> (artifact id: 'dcfbaacc923f44fe2fff569f35149eae') in 0.011920 seconds 
========================================================================
Received Import Request.
  Time since last request: 0.000017 seconds.
  path: Assets/no9_Game_Sounds/37.wav
  artifactKey: Guid(6d6cb1012b8b1bd40a6e75f0df6f4ca3) Importer(815301076,1909f56bfc062723c751e8b465ee728b)
Start importing Assets/no9_Game_Sounds/37.wav using Guid(6d6cb1012b8b1bd40a6e75f0df6f4ca3) Importer(815301076,1909f56bfc062723c751e8b465ee728b)  -> (artifact id: 'e3533b10e2c3aa3a5ff1eb153858aac2') in 0.012015 seconds 
========================================================================
Received Import Request.
  Time since last request: 0.000017 seconds.
  path: Assets/no9_Game_Sounds/18.wav
  artifactKey: Guid(afb009e87875a0545b3069568c5f1bf8) Importer(815301076,1909f56bfc062723c751e8b465ee728b)
Start importing Assets/no9_Game_Sounds/18.wav using Guid(afb009e87875a0545b3069568c5f1bf8) Importer(815301076,1909f56bfc062723c751e8b465ee728b)  -> (artifact id: 'fa5138c744f8bd459be05bcb3d6b2d25') in 0.013692 seconds 
========================================================================
Received Import Request.
  Time since last request: 0.000020 seconds.
  path: Assets/no9_Game_Sounds/35.wav
  artifactKey: Guid(81d88cb4e9a74e04bb06eeaedaf4a966) Importer(815301076,1909f56bfc062723c751e8b465ee728b)
Start importing Assets/no9_Game_Sounds/35.wav using Guid(81d88cb4e9a74e04bb06eeaedaf4a966) Importer(815301076,1909f56bfc062723c751e8b465ee728b)  -> (artifact id: '08b0daaf8a8186a9a79329e5a34def8e') in 0.012683 seconds 
========================================================================
Received Import Request.
  Time since last request: 0.000015 seconds.
  path: Assets/no9_Game_Sounds/13.wav
  artifactKey: Guid(480ed4e50975e734da21718682d08865) Importer(815301076,1909f56bfc062723c751e8b465ee728b)
Start importing Assets/no9_Game_Sounds/13.wav using Guid(480ed4e50975e734da21718682d08865) Importer(815301076,1909f56bfc062723c751e8b465ee728b)  -> (artifact id: '9f01976f50a76f12496bd113b4fd0fac') in 0.017577 seconds 
========================================================================
Received Import Request.
  Time since last request: 0.000026 seconds.
  path: Assets/no9_Game_Sounds/07.wav
  artifactKey: Guid(38453785a905582489dabd96aa7632af) Importer(815301076,1909f56bfc062723c751e8b465ee728b)
Start importing Assets/no9_Game_Sounds/07.wav using Guid(38453785a905582489dabd96aa7632af) Importer(815301076,1909f56bfc062723c751e8b465ee728b)  -> (artifact id: '6d8645c59f322463d5ea6f02ebb36910') in 0.013479 seconds 
========================================================================
Received Import Request.
  Time since last request: 0.000024 seconds.
  path: Assets/no9_Game_Sounds/17.wav
  artifactKey: Guid(10acbaedc05cca54690796080053db27) Importer(815301076,1909f56bfc062723c751e8b465ee728b)
Start importing Assets/no9_Game_Sounds/17.wav using Guid(10acbaedc05cca54690796080053db27) Importer(815301076,1909f56bfc062723c751e8b465ee728b)  -> (artifact id: 'e3dd5e6a699aa4fafc1c8a9a7d65c26d') in 0.012268 seconds 
========================================================================
Received Import Request.
  Time since last request: 0.000016 seconds.
  path: Assets/no9_Game_Sounds/43.wav
  artifactKey: Guid(ee7d91acc11b11c4ebc008780cf76a70) Importer(815301076,1909f56bfc062723c751e8b465ee728b)
Start importing Assets/no9_Game_Sounds/43.wav using Guid(ee7d91acc11b11c4ebc008780cf76a70) Importer(815301076,1909f56bfc062723c751e8b465ee728b)  -> (artifact id: 'faafe73dd6a039a2e383a493c3ec7072') in 0.010383 seconds 
========================================================================
Received Import Request.
  Time since last request: 0.000018 seconds.
  path: Assets/no9_Game_Sounds/21.wav
  artifactKey: Guid(ae9c1d232aecbb945a8cc716d8a85949) Importer(815301076,1909f56bfc062723c751e8b465ee728b)
Start importing Assets/no9_Game_Sounds/21.wav using Guid(ae9c1d232aecbb945a8cc716d8a85949) Importer(815301076,1909f56bfc062723c751e8b465ee728b)  -> (artifact id: '2198b6ce71b8f0359b6fd98cec37652f') in 0.012426 seconds 
========================================================================
Received Import Request.
  Time since last request: 0.000016 seconds.
  path: Assets/no9_Game_Sounds/34.wav
  artifactKey: Guid(92d0cbac272b6f14db44b6bf7086c334) Importer(815301076,1909f56bfc062723c751e8b465ee728b)
Start importing Assets/no9_Game_Sounds/34.wav using Guid(92d0cbac272b6f14db44b6bf7086c334) Importer(815301076,1909f56bfc062723c751e8b465ee728b)  -> (artifact id: '0b84e5c2ae930d620f3a89d00472b0ca') in 0.011288 seconds 
========================================================================
Received Import Request.
  Time since last request: 0.000019 seconds.
  path: Assets/no9_Game_Sounds/08.wav
  artifactKey: Guid(afcafb54c704af54bba99d6279349e8c) Importer(815301076,1909f56bfc062723c751e8b465ee728b)
Start importing Assets/no9_Game_Sounds/08.wav using Guid(afcafb54c704af54bba99d6279349e8c) Importer(815301076,1909f56bfc062723c751e8b465ee728b)  -> (artifact id: 'dbb6675c449498ab10084f5df69a9af6') in 0.011887 seconds 
========================================================================
Received Import Request.
  Time since last request: 0.000020 seconds.
  path: Assets/no9_Game_Sounds/24.wav
  artifactKey: Guid(a699332703713904996030fafad177dd) Importer(815301076,1909f56bfc062723c751e8b465ee728b)
Start importing Assets/no9_Game_Sounds/24.wav using Guid(a699332703713904996030fafad177dd) Importer(815301076,1909f56bfc062723c751e8b465ee728b)  -> (artifact id: '446d466e94ca477edb3da22c4fa2f381') in 0.011451 seconds 
========================================================================
Received Import Request.
  Time since last request: 0.000022 seconds.
  path: Assets/no9_Game_Sounds/20.wav
  artifactKey: Guid(fbb5fa5cded91964f93da495ef8fcee7) Importer(815301076,1909f56bfc062723c751e8b465ee728b)
Start importing Assets/no9_Game_Sounds/20.wav using Guid(fbb5fa5cded91964f93da495ef8fcee7) Importer(815301076,1909f56bfc062723c751e8b465ee728b)  -> (artifact id: '9d4291e54622d87bb41eb9e0ad46d8d3') in 0.012461 seconds 
========================================================================
Received Import Request.
  Time since last request: 0.000020 seconds.
  path: Assets/no9_Game_Sounds/14.wav
  artifactKey: Guid(d7cb3d6e7479f6847a15353ac8eff013) Importer(815301076,1909f56bfc062723c751e8b465ee728b)
Start importing Assets/no9_Game_Sounds/14.wav using Guid(d7cb3d6e7479f6847a15353ac8eff013) Importer(815301076,1909f56bfc062723c751e8b465ee728b)  -> (artifact id: '8ef2228e89d2928663ee5a6e7d186398') in 0.011517 seconds 
========================================================================
Received Import Request.
  Time since last request: 0.000023 seconds.
  path: Assets/no9_Game_Sounds/45.wav
  artifactKey: Guid(b6bcacde296490d49b1c5b5365cba645) Importer(815301076,1909f56bfc062723c751e8b465ee728b)
Start importing Assets/no9_Game_Sounds/45.wav using Guid(b6bcacde296490d49b1c5b5365cba645) Importer(815301076,1909f56bfc062723c751e8b465ee728b)  -> (artifact id: 'cf2d1d9e52da15ddaa7ea4f628ea6460') in 0.012363 seconds 
Editor requested this worker to shutdown with reason: Scaling down because of idle timeout
AssetImportWorker is now disconnected from the server
Process exiting
Exiting without the bug reporter. Application will terminate with return code 0